<?xml version="1.0" encoding="UTF-8"?>
<!-- Generated by org.testng.reporters.JUnitXMLReporter -->
<testsuite ignored="2" hostname="DESKTOP-O95D2L4" failures="0" tests="1" name="Default test" time="16.133" errors="0" timestamp="2024-08-07T02:15:43 CEST">
  <testcase classname="testCases.TC03_Login" name="leaveAllAndClick" time="8.082"/>
  <testcase classname="testCases.TC03_Login" name="SingIn_withInvalidPassword" time="0.0">
    <ignored/>
  </testcase> <!-- SingIn_withInvalidPassword -->
  <testcase classname="testCases.TC03_Login" name="SignInBy_usingValidDataAndEmailAsOption" time="0.0">
    <ignored/>
  </testcase> <!-- SignInBy_usingValidDataAndEmailAsOption -->
</testsuite> <!-- Default test -->
