<?xml version="1.0" encoding="UTF-8"?>
<testng-results ignored="0" total="1" passed="1" failed="0" skipped="0">
  <reporter-output>
  </reporter-output>
  <suite started-at="2024-08-07T02:15:27 CEST" name="Default suite" finished-at="2024-08-07T02:15:43 CEST" duration-ms="16133">
    <groups>
    </groups>
    <test started-at="2024-08-07T02:15:27 CEST" name="Default test" finished-at="2024-08-07T02:15:43 CEST" duration-ms="16133">
      <class name="testCases.TC03_Login">
        <test-method is-config="true" signature="setupInitialization()[pri:0, instance:testCases.TC03_Login@61a88b8c]" started-at="2024-08-07T02:15:27 CEST" name="setupInitialization" finished-at="2024-08-07T02:15:34 CEST" duration-ms="7500" status="PASS">
          <reporter-output>
          </reporter-output>
        </test-method> <!-- setupInitialization -->
        <test-method signature="leaveAllAndClick()[pri:0, instance:testCases.TC03_Login@61a88b8c]" started-at="2024-08-07T02:15:34 CEST" name="leaveAllAndClick" finished-at="2024-08-07T02:15:43 CEST" duration-ms="8082" status="PASS">
          <reporter-output>
          </reporter-output>
        </test-method> <!-- leaveAllAndClick -->
        <test-method is-config="true" signature="tearDown()[pri:0, instance:testCases.TC03_Login@61a88b8c]" started-at="2024-08-07T02:15:43 CEST" name="tearDown" finished-at="2024-08-07T02:15:43 CEST" duration-ms="454" status="PASS">
          <reporter-output>
          </reporter-output>
        </test-method> <!-- tearDown -->
      </class> <!-- testCases.TC03_Login -->
    </test> <!-- Default test -->
  </suite> <!-- Default suite -->
</testng-results>
