<?xml version="1.0" encoding="UTF-8"?>
<testng-results ignored="0" total="8" passed="8" failed="0" skipped="0">
  <reporter-output>
  </reporter-output>
  <suite started-at="2024-08-05T10:54:23 CEST" name="Master Suite" finished-at="2024-08-05T10:55:49 CEST" duration-ms="86209">
    <groups>
    </groups>
    <test started-at="2024-08-05T10:54:23 CEST" name="Test" finished-at="2024-08-05T10:55:49 CEST" duration-ms="86209">
      <class name="testCases.TC003_LoginDataProvider">
        <test-method is-config="true" signature="setup(java.lang.String,java.lang.String)[pri:0, instance:testCases.TC003_LoginDataProvider@22295ec4]" started-at="2024-08-05T10:54:23 CEST" name="setup" finished-at="2024-08-05T10:54:47 CEST" duration-ms="23476" status="PASS">
          <params>
            <param index="0">
              <value>
                <![CDATA[Windows]]>
              </value>
            </param>
            <param index="1">
              <value>
                <![CDATA[chrome]]>
              </value>
            </param>
          </params>
          <reporter-output>
          </reporter-output>
        </test-method> <!-- setup -->
        <test-method signature="verifyLogin(java.lang.String,java.lang.String,java.lang.String)[pri:0, instance:testCases.TC003_LoginDataProvider@22295ec4]" started-at="2024-08-05T10:54:47 CEST" name="verifyLogin" data-provider="LoginData" finished-at="2024-08-05T10:54:51 CEST" duration-ms="4144" status="PASS">
          <params>
            <param index="0">
              <value>
                <![CDATA[helena83p@yahoo.com]]>
              </value>
            </param>
            <param index="1">
              <value>
                <![CDATA[Helenica10]]>
              </value>
            </param>
            <param index="2">
              <value>
                <![CDATA[Valid]]>
              </value>
            </param>
          </params>
          <reporter-output>
          </reporter-output>
        </test-method> <!-- verifyLogin -->
        <test-method signature="verifyLogin(java.lang.String,java.lang.String,java.lang.String)[pri:0, instance:testCases.TC003_LoginDataProvider@22295ec4]" started-at="2024-08-05T10:54:51 CEST" name="verifyLogin" data-provider="LoginData" finished-at="2024-08-05T10:54:55 CEST" duration-ms="4144" status="PASS">
          <params>
            <param index="0">
              <value>
                <![CDATA[lakshmi@yahoo.com]]>
              </value>
            </param>
            <param index="1">
              <value>
                <![CDATA[Laxmi]]>
              </value>
            </param>
            <param index="2">
              <value>
                <![CDATA[Valid]]>
              </value>
            </param>
          </params>
          <reporter-output>
          </reporter-output>
        </test-method> <!-- verifyLogin -->
        <test-method signature="verifyLogin(java.lang.String,java.lang.String,java.lang.String)[pri:0, instance:testCases.TC003_LoginDataProvider@22295ec4]" started-at="2024-08-05T10:54:55 CEST" name="verifyLogin" data-provider="LoginData" finished-at="2024-08-05T10:54:58 CEST" duration-ms="3052" status="PASS">
          <params>
            <param index="0">
              <value>
                <![CDATA[laksh@yahoo.com]]>
              </value>
            </param>
            <param index="1">
              <value>
                <![CDATA[Lakshmi]]>
              </value>
            </param>
            <param index="2">
              <value>
                <![CDATA[Valid]]>
              </value>
            </param>
          </params>
          <reporter-output>
          </reporter-output>
        </test-method> <!-- verifyLogin -->
        <test-method signature="verifyLogin(java.lang.String,java.lang.String,java.lang.String)[pri:0, instance:testCases.TC003_LoginDataProvider@22295ec4]" started-at="2024-08-05T10:54:58 CEST" name="verifyLogin" data-provider="LoginData" finished-at="2024-08-05T10:55:11 CEST" duration-ms="12538" status="PASS">
          <params>
            <param index="0">
              <value>
                <![CDATA[laks@yahoo.com]]>
              </value>
            </param>
            <param index="1">
              <value>
                <![CDATA[xyz]]>
              </value>
            </param>
            <param index="2">
              <value>
                <![CDATA[Invalid]]>
              </value>
            </param>
          </params>
          <reporter-output>
          </reporter-output>
        </test-method> <!-- verifyLogin -->
        <test-method signature="verifyLogin(java.lang.String,java.lang.String,java.lang.String)[pri:0, instance:testCases.TC003_LoginDataProvider@22295ec4]" started-at="2024-08-05T10:55:11 CEST" name="verifyLogin" data-provider="LoginData" finished-at="2024-08-05T10:55:14 CEST" duration-ms="2928" status="PASS">
          <params>
            <param index="0">
              <value>
                <![CDATA[abc123@gmail.com]]>
              </value>
            </param>
            <param index="1">
              <value>
                <![CDATA[test@123]]>
              </value>
            </param>
            <param index="2">
              <value>
                <![CDATA[Valid]]>
              </value>
            </param>
          </params>
          <reporter-output>
          </reporter-output>
        </test-method> <!-- verifyLogin -->
        <test-method signature="verifyLogin(java.lang.String,java.lang.String,java.lang.String)[pri:0, instance:testCases.TC003_LoginDataProvider@22295ec4]" started-at="2024-08-05T10:55:14 CEST" name="verifyLogin" data-provider="LoginData" finished-at="2024-08-05T10:55:25 CEST" duration-ms="11846" status="PASS">
          <params>
            <param index="0">
              <value>
                <![CDATA[ ]]>
              </value>
            </param>
            <param index="1">
              <value>
                <![CDATA[Helenica10]]>
              </value>
            </param>
            <param index="2">
              <value>
                <![CDATA[Invalid]]>
              </value>
            </param>
          </params>
          <reporter-output>
          </reporter-output>
        </test-method> <!-- verifyLogin -->
        <test-method signature="verifyLogin(java.lang.String,java.lang.String,java.lang.String)[pri:0, instance:testCases.TC003_LoginDataProvider@22295ec4]" started-at="2024-08-05T10:55:25 CEST" name="verifyLogin" data-provider="LoginData" finished-at="2024-08-05T10:55:37 CEST" duration-ms="11797" status="PASS">
          <params>
            <param index="0">
              <value>
                <![CDATA[helena83p@yahoo.com]]>
              </value>
            </param>
            <param index="1">
              <value>
                <![CDATA[ ]]>
              </value>
            </param>
            <param index="2">
              <value>
                <![CDATA[Invalid]]>
              </value>
            </param>
          </params>
          <reporter-output>
          </reporter-output>
        </test-method> <!-- verifyLogin -->
        <test-method signature="verifyLogin(java.lang.String,java.lang.String,java.lang.String)[pri:0, instance:testCases.TC003_LoginDataProvider@22295ec4]" started-at="2024-08-05T10:55:37 CEST" name="verifyLogin" data-provider="LoginData" finished-at="2024-08-05T10:55:49 CEST" duration-ms="11679" status="PASS">
          <params>
            <param index="0">
              <value>
                <![CDATA[ ]]>
              </value>
            </param>
            <param index="1">
              <value>
                <![CDATA[ ]]>
              </value>
            </param>
            <param index="2">
              <value>
                <![CDATA[Invalid]]>
              </value>
            </param>
          </params>
          <reporter-output>
          </reporter-output>
        </test-method> <!-- verifyLogin -->
        <test-method is-config="true" signature="tearDown()[pri:0, instance:testCases.TC003_LoginDataProvider@22295ec4]" started-at="2024-08-05T10:55:49 CEST" name="tearDown" finished-at="2024-08-05T10:55:49 CEST" duration-ms="428" status="PASS">
          <reporter-output>
          </reporter-output>
        </test-method> <!-- tearDown -->
      </class> <!-- testCases.TC003_LoginDataProvider -->
    </test> <!-- Test -->
  </suite> <!-- Master Suite -->
</testng-results>
